30886 30886 117
92777 36915 351
38335 38335 138
85386 60492 351
16649 41421 324
2362 90027 351
20059 20059 119
97763 13926 351
80540 83426 320
89172 55736 351
5211 95368 351
2567 56429 340
21530 21530 119
22862 65123 340
3135 3135 62
13929 79802 351
23058 23058 57
33069 98167 351
18456 18456 155
75011 78042 351
76229 77373 351
84421 44919 351
13784 98537 351
75198 94324 351
64370 64370 48
66413 3526 340
68980 68980 175
59956 41873 340
6862 99170 351
6996 97281 351
2305 20925 279
77084 36327 351
26505 26505 171
50846 21729 324
25857 25857 140
16124 53895 340
545 545 44
98814 33367 351
15434 90364 351
44043 13750 324
26808 26808 140
17276 47178 324
93584 93584 147
5403 2651 238
12399 12399 263
99932 95060 328
49676 93368 351
47739 10012 324
36226 98586 351
48094 97539 351
40795 80570 351
51434 60378 340
66601 66601 100
10097 12902 268
70492 70492 56
26652 60756 340
60280 60280 92
24286 9441 282
29689 29689 73
28444 46619 324
44729 44729 164
58031 8117 340
5771 5771 143
34481 90675 351
20709 98927 351
4567 77856 351
72353 72353 131
54586 76965 335
55306 64683 335
6219 28624 308
32871 32871 122
5732 48829 324
9503 30019 308
58270 63368 335
59708 86715 351
26340 18149 282
723 723 47
42618 2245 324
22846 93451 351
92921 43555 351
92379 97488 328
37764 88228 351
69841 92350 351
65193 41500 340
57034 87764 351
70124 24914 340
36987 75856 340
73743 46491 340
22227 48365 324
9859 81936 351
51432 52551 340
16437 99228 351
53275 75407 335
1474 76121 340
68858 94395 351
36029 61237 340
8235 73793 340
65818 94428 351
31011 31011 148
35928 39529 306
18776 22404 274
64443 55763 335
14613 54538 340
18606 36840 324
2904 44818 324
35128 70688 340
67917 67917 69
69917 66996 312
43324 87743 351
59470 12183 340
95499 95499 103
89772 6725 351
55590 55590 141
17505 68139 340
2954 69786 340
7669 38082 324
8542 88464 351
10197 39507 324
28804 28804 166
76348 78611 351
27828 27828 60
49299 87343 351
35568 35568 187
54340 55422 260
13810 13810 121
67605 21801 340
25661 73730 340
44878 11305 324
29320 78736 351
79444 48626 351
3465 3465 150
86708 73416 351
8282 13258 276
12924 67637 340
5624 5624 174
62600 32036 340
11899 11899 144
19379 45550 324
47468 90071 351
973 87131 351
3881 84930 351
8933 45894 324
58660 70163 335
57199 87981 351
48899 52996 340
52959 13773 340
39668 39668 50
87190 81095 333
16466 16466 147
65084 11340 340
22090 27684 308
43376 55542 340
55936 79107 351
17445 19756 279
18418 18418 124
6887 89412 351
3348 32172 308
51659 62009 340
2336 25210 282
66342 67587 281
19301 19301 62
97713 67372 351
1255 1255 89
64819 44599 340
17721 29904 308
55939 39811 340
15667 15667 59
11705 46228 324
11127 29150 308
65984 96658 351
63920 89224 351
2422 67269 340
21396 54081 340
45630 40084 314
11972 11972 51
7672 73850 340
5385 5385 148
41222 39299 306
6042 6042 68
83898 40713 351
52298 56190 340
80524 42590 351
8581 8581 79
88819 99336 333
37732 71155 340
95994 18004 351
14769 14769 72
85273 81776 320
47255 47255 146
21860 48142 324
45884 45884 177
21993 23205 269
67621 79567 351
62504 90613 351
1961 62754 340
31326 54259 340
18944 28202 308
13202 23506 279
2021 2021 64
22842 90868 351
